   1               		.file	"Display_ss.c"
   2               	__SP_H__ = 0x3e
   3               	__SP_L__ = 0x3d
   4               	__SREG__ = 0x3f
   5               	__tmp_reg__ = 0
   6               	__zero_reg__ = 1
   7               		.text
   8               	.Ltext0:
   9               		.cfi_sections	.debug_frame
  10               		.section	.text.display_init,"ax",@progbits
  11               	.global	display_init
  13               	display_init:
  14               	.LFB0:
  15               		.file 1 "../src/Display_ss.c"
   1:../src/Display_ss.c **** /*
   2:../src/Display_ss.c ****  * Display_ss.c
   3:../src/Display_ss.c ****  *
   4:../src/Display_ss.c ****  * Created: 26/11/2022 19:16:50
   5:../src/Display_ss.c ****  *  Author: Michelle
   6:../src/Display_ss.c ****  */ 
   7:../src/Display_ss.c **** #include <stdint.h>
   8:../src/Display_ss.c **** #include <avr/io.h>
   9:../src/Display_ss.c **** #include "display_ss.h"
  10:../src/Display_ss.c **** 
  11:../src/Display_ss.c **** #define DIGIT_1 0b10000000
  12:../src/Display_ss.c **** #define DIGIT_2 0b01000000
  13:../src/Display_ss.c **** #define DIGIT_3 0b00100000
  14:../src/Display_ss.c **** #define DIGIT_4 0b00010000
  15:../src/Display_ss.c **** 
  16:../src/Display_ss.c **** // 0 1 2 3 4 5 6 7 8 9
  17:../src/Display_ss.c **** uint8_t SS_table[]={0x03, 0x9F, 0x25, 0x0D, 0x99, 0x49, 0x41, 0x1F, 0x01, 0x09}; // Inverted 7 segm
  18:../src/Display_ss.c **** uint8_t Player_table[]={0x31, 0x9E, 0x31, 0x24}; // P 1 P 2  DA 00100100
  19:../src/Display_ss.c **** uint8_t Digit_selector[]={DIGIT_1,DIGIT_2,DIGIT_3,DIGIT_4}; // Selector de digito
  20:../src/Display_ss.c **** uint8_t Digit_values[4]; // valores a mostrar (deben estar en formato de 7 segmentos)
  21:../src/Display_ss.c **** volatile uint8_t Player1_Hits = 0;
  22:../src/Display_ss.c **** volatile uint8_t Player2_Hits = 0;
  23:../src/Display_ss.c **** 
  24:../src/Display_ss.c **** uint8_t DisplayCount = 0;
  25:../src/Display_ss.c **** 
  26:../src/Display_ss.c **** 
  27:../src/Display_ss.c **** extern void ss_Init(void);
  28:../src/Display_ss.c **** extern void ss_SendByte(uint8_t);
  29:../src/Display_ss.c **** extern void ss_Wrt2Latch(void);
  30:../src/Display_ss.c **** 
  31:../src/Display_ss.c **** void display_init(void)
  32:../src/Display_ss.c **** {
  16               		.loc 1 32 0
  17               		.cfi_startproc
  18               	/* prologue: function */
  19               	/* frame size = 0 */
  20               	/* stack size = 0 */
  21               	.L__stack_usage = 0
  33:../src/Display_ss.c **** 	ss_Init();
  22               		.loc 1 33 0
  23 0000 0E94 0000 		call ss_Init
  24               	.LVL0:
  34:../src/Display_ss.c **** 	Digit_values[2] = 0b10010001;
  25               		.loc 1 34 0
  26 0004 81E9      		ldi r24,lo8(-111)
  27 0006 8093 0000 		sts Digit_values+2,r24
  28 000a 0895      		ret
  29               		.cfi_endproc
  30               	.LFE0:
  32               		.section	.text.display_resfesh,"ax",@progbits
  33               	.global	display_resfesh
  35               	display_resfesh:
  36               	.LFB1:
  35:../src/Display_ss.c **** }
  36:../src/Display_ss.c **** 
  37:../src/Display_ss.c **** //La función display_resfesh() deberá ser llamada desde la
  38:../src/Display_ss.c **** //interrupción periódica cada 4ms (Timer.c)
  39:../src/Display_ss.c **** 
  40:../src/Display_ss.c **** void display_resfesh(uint8_t displayvalue)
  41:../src/Display_ss.c **** {
  37               		.loc 1 41 0
  38               		.cfi_startproc
  39               	.LVL1:
  40 0000 CF93      		push r28
  41               	.LCFI0:
  42               		.cfi_def_cfa_offset 3
  43               		.cfi_offset 28, -2
  44 0002 DF93      		push r29
  45               	.LCFI1:
  46               		.cfi_def_cfa_offset 4
  47               		.cfi_offset 29, -3
  48               	/* prologue: function */
  49               	/* frame size = 0 */
  50               	/* stack size = 2 */
  51               	.L__stack_usage = 2
  42:../src/Display_ss.c **** 	ss_SendByte(Digit_values[displayvalue]);
  52               		.loc 1 42 0
  53 0004 C82F      		mov r28,r24
  54 0006 D0E0      		ldi r29,0
  55 0008 FE01      		movw r30,r28
  56 000a E050      		subi r30,lo8(-(Digit_values))
  57 000c F040      		sbci r31,hi8(-(Digit_values))
  58 000e 8081      		ld r24,Z
  59               	.LVL2:
  60 0010 0E94 0000 		call ss_SendByte
  61               	.LVL3:
  43:../src/Display_ss.c **** 	ss_SendByte(Digit_selector[displayvalue]);
  62               		.loc 1 43 0
  63 0014 C050      		subi r28,lo8(-(Digit_selector))
  64 0016 D040      		sbci r29,hi8(-(Digit_selector))
  65               	.LVL4:
  66 0018 8881      		ld r24,Y
  67 001a 0E94 0000 		call ss_SendByte
  68               	.LVL5:
  44:../src/Display_ss.c **** 	ss_Wrt2Latch();
  69               		.loc 1 44 0
  70 001e 0E94 0000 		call ss_Wrt2Latch
  71               	.LVL6:
  72               	/* epilogue start */
  45:../src/Display_ss.c **** }
  73               		.loc 1 45 0
  74 0022 DF91      		pop r29
  75 0024 CF91      		pop r28
  76 0026 0895      		ret
  77               		.cfi_endproc
  78               	.LFE1:
  80               		.section	.text.set_P1,"ax",@progbits
  81               	.global	set_P1
  83               	set_P1:
  84               	.LFB2:
  46:../src/Display_ss.c **** void set_P1(void)
  47:../src/Display_ss.c **** {
  85               		.loc 1 47 0
  86               		.cfi_startproc
  87               	/* prologue: function */
  88               	/* frame size = 0 */
  89               	/* stack size = 0 */
  90               	.L__stack_usage = 0
  48:../src/Display_ss.c **** 	Digit_values[0] = Player_table[0];
  91               		.loc 1 48 0
  92 0000 A0E0      		ldi r26,lo8(Digit_values)
  93 0002 B0E0      		ldi r27,hi8(Digit_values)
  94 0004 E0E0      		ldi r30,lo8(Player_table)
  95 0006 F0E0      		ldi r31,hi8(Player_table)
  96 0008 8081      		ld r24,Z
  97 000a 8C93      		st X,r24
  49:../src/Display_ss.c **** 	Digit_values[1] = Player_table[1];
  98               		.loc 1 49 0
  99 000c 8181      		ldd r24,Z+1
 100 000e 1196      		adiw r26,1
 101 0010 8C93      		st X,r24
 102 0012 1197      		sbiw r26,1
  50:../src/Display_ss.c **** 	Digit_values[3] = SS_table[Player1_Hits];
 103               		.loc 1 50 0
 104 0014 E091 0000 		lds r30,Player1_Hits
 105 0018 F0E0      		ldi r31,0
 106 001a E050      		subi r30,lo8(-(SS_table))
 107 001c F040      		sbci r31,hi8(-(SS_table))
 108 001e 8081      		ld r24,Z
 109 0020 1396      		adiw r26,3
 110 0022 8C93      		st X,r24
 111 0024 0895      		ret
 112               		.cfi_endproc
 113               	.LFE2:
 115               		.section	.text.set_P2,"ax",@progbits
 116               	.global	set_P2
 118               	set_P2:
 119               	.LFB3:
  51:../src/Display_ss.c **** }
  52:../src/Display_ss.c **** void set_P2(void)
  53:../src/Display_ss.c **** {
 120               		.loc 1 53 0
 121               		.cfi_startproc
 122               	/* prologue: function */
 123               	/* frame size = 0 */
 124               	/* stack size = 0 */
 125               	.L__stack_usage = 0
  54:../src/Display_ss.c **** 	Digit_values[0] = Player_table[2];
 126               		.loc 1 54 0
 127 0000 A0E0      		ldi r26,lo8(Digit_values)
 128 0002 B0E0      		ldi r27,hi8(Digit_values)
 129 0004 E0E0      		ldi r30,lo8(Player_table)
 130 0006 F0E0      		ldi r31,hi8(Player_table)
 131 0008 8281      		ldd r24,Z+2
 132 000a 8C93      		st X,r24
  55:../src/Display_ss.c **** 	Digit_values[1] = Player_table[3];
 133               		.loc 1 55 0
 134 000c 8381      		ldd r24,Z+3
 135 000e 1196      		adiw r26,1
 136 0010 8C93      		st X,r24
 137 0012 1197      		sbiw r26,1
  56:../src/Display_ss.c **** 	Digit_values[3] = SS_table[Player2_Hits];
 138               		.loc 1 56 0
 139 0014 E091 0000 		lds r30,Player2_Hits
 140 0018 F0E0      		ldi r31,0
 141 001a E050      		subi r30,lo8(-(SS_table))
 142 001c F040      		sbci r31,hi8(-(SS_table))
 143 001e 8081      		ld r24,Z
 144 0020 1396      		adiw r26,3
 145 0022 8C93      		st X,r24
 146 0024 0895      		ret
 147               		.cfi_endproc
 148               	.LFE3:
 150               	.global	DisplayCount
 151               		.section	.bss.DisplayCount,"aw",@nobits
 154               	DisplayCount:
 155 0000 00        		.zero	1
 156               	.global	Player2_Hits
 157               		.section	.bss.Player2_Hits,"aw",@nobits
 160               	Player2_Hits:
 161 0000 00        		.zero	1
 162               	.global	Player1_Hits
 163               		.section	.bss.Player1_Hits,"aw",@nobits
 166               	Player1_Hits:
 167 0000 00        		.zero	1
 168               		.comm	Digit_values,4,1
 169               	.global	Digit_selector
 170               		.section	.data.Digit_selector,"aw",@progbits
 173               	Digit_selector:
 174 0000 80        		.byte	-128
 175 0001 40        		.byte	64
 176 0002 20        		.byte	32
 177 0003 10        		.byte	16
 178               	.global	Player_table
 179               		.section	.data.Player_table,"aw",@progbits
 182               	Player_table:
 183 0000 31        		.byte	49
 184 0001 9E        		.byte	-98
 185 0002 31        		.byte	49
 186 0003 24        		.byte	36
 187               	.global	SS_table
 188               		.section	.data.SS_table,"aw",@progbits
 191               	SS_table:
 192 0000 03        		.byte	3
 193 0001 9F        		.byte	-97
 194 0002 25        		.byte	37
 195 0003 0D        		.byte	13
 196 0004 99        		.byte	-103
 197 0005 49        		.byte	73
 198 0006 41        		.byte	65
 199 0007 1F        		.byte	31
 200 0008 01        		.byte	1
 201 0009 09        		.byte	9
 202               		.text
 203               	.Letext0:
 204               		.file 2 "c:\\program files (x86)\\atmel\\studio\\7.0\\toolchain\\avr8\\avr8-gnu-toolchain\\avr\\in
DEFINED SYMBOLS
                            *ABS*:00000000 Display_ss.c
        Display_ss.s:2      *ABS*:0000003e __SP_H__
        Display_ss.s:3      *ABS*:0000003d __SP_L__
        Display_ss.s:4      *ABS*:0000003f __SREG__
        Display_ss.s:5      *ABS*:00000000 __tmp_reg__
        Display_ss.s:6      *ABS*:00000001 __zero_reg__
        Display_ss.s:13     .text.display_init:00000000 display_init
                            *COM*:00000004 Digit_values
        Display_ss.s:35     .text.display_resfesh:00000000 display_resfesh
        Display_ss.s:173    .data.Digit_selector:00000000 Digit_selector
        Display_ss.s:83     .text.set_P1:00000000 set_P1
        Display_ss.s:182    .data.Player_table:00000000 Player_table
        Display_ss.s:166    .bss.Player1_Hits:00000000 Player1_Hits
        Display_ss.s:191    .data.SS_table:00000000 SS_table
        Display_ss.s:118    .text.set_P2:00000000 set_P2
        Display_ss.s:160    .bss.Player2_Hits:00000000 Player2_Hits
        Display_ss.s:154    .bss.DisplayCount:00000000 DisplayCount
                           .group:00000000 wm4.stdint.h.41.052d062c327f27e210bb72c3d087afe5
                           .group:00000000 wm4.sfr_defs.h.36.473802ecbcb5d4d38de6c7efbfcd3c60
                           .group:00000000 wm4.inttypes.h.35.0c85de0a4efd029e44bbcd5240fb68fe
                           .group:00000000 wm4.sfr_defs.h.128.38ceebe2fb099c106e85a566519e0f1a
                           .group:00000000 wm4.iom328p.h.44.29c929f46483155923fc58520c74ebf7
                           .group:00000000 wm4.portpins.h.34.21289185946cbf62723ecc8db6cdc3ff
                           .group:00000000 wm4.common.h.35.c7e66042b2128622b9d3bddccc9a39f4
                           .group:00000000 wm4.version.h.54.85699b1a50c61c991a37d67b69e79e95
                           .group:00000000 wm4.fuse.h.36.5c373c650020c0efef2cbaa98ea802c3
                           .group:00000000 wm4.lock.h.36.51f311078904691e8f8c3d70111251d8

UNDEFINED SYMBOLS
ss_Init
ss_SendByte
ss_Wrt2Latch
__do_copy_data
__do_clear_bss
