   1               		.file	"JoystickButton.c"
   2               	__SP_H__ = 0x3e
   3               	__SP_L__ = 0x3d
   4               	__SREG__ = 0x3f
   5               	__tmp_reg__ = 0
   6               	__zero_reg__ = 1
   7               		.text
   8               	.Ltext0:
   9               		.cfi_sections	.debug_frame
  10               		.section	.text.button_check,"ax",@progbits
  11               	.global	button_check
  13               	button_check:
  14               	.LFB66:
  15               		.file 1 "../src/JoystickButton.c"
   1:../src/JoystickButton.c **** #include <asf.h>
   2:../src/JoystickButton.c **** #include <stdint.h>				//Standard types
   3:../src/JoystickButton.c **** #include <avr/interrupt.h>
   4:../src/JoystickButton.c **** 
   5:../src/JoystickButton.c **** #include "ADC.h"
   6:../src/JoystickButton.c **** #include "UART.h"
   7:../src/JoystickButton.c **** #include "Timer.h"
   8:../src/JoystickButton.c **** #include "JoystickButton.h"
   9:../src/JoystickButton.c **** 
  10:../src/JoystickButton.c **** #define pressed 0
  11:../src/JoystickButton.c **** 
  12:../src/JoystickButton.c **** 
  13:../src/JoystickButton.c **** volatile int ijoy,jjoy;
  14:../src/JoystickButton.c **** volatile int ispressed;
  15:../src/JoystickButton.c **** void Joystick(void)
  16:../src/JoystickButton.c **** {
  17:../src/JoystickButton.c **** 	if (button_check() == pressed)
  18:../src/JoystickButton.c **** 	{
  19:../src/JoystickButton.c **** 		/*UART_putstring("Boton apretado \n");*/
  20:../src/JoystickButton.c **** 	}
  21:../src/JoystickButton.c **** 	else if ((read_VRX()  >= 700))
  22:../src/JoystickButton.c **** 	{
  23:../src/JoystickButton.c **** 		if (ijoy < 7)
  24:../src/JoystickButton.c **** 		{
  25:../src/JoystickButton.c **** 			ijoy++; //se mueve 1 a la derecha
  26:../src/JoystickButton.c **** 		}
  27:../src/JoystickButton.c **** 	}
  28:../src/JoystickButton.c **** 	else if ((read_VRX()  ==  0) && (read_VRY()  >=  0) && (read_VRY()  <=  1023))
  29:../src/JoystickButton.c **** 	{
  30:../src/JoystickButton.c **** 		if (ijoy > 0)
  31:../src/JoystickButton.c **** 		{
  32:../src/JoystickButton.c **** 			ijoy--; //se mueve 1 a la izquierda
  33:../src/JoystickButton.c **** 		}
  34:../src/JoystickButton.c **** 	}
  35:../src/JoystickButton.c **** 
  36:../src/JoystickButton.c **** 	else if ((read_VRX()  >=  0) && (read_VRX()  <=  1023) && (read_VRY()  >=  0) && (read_VRY()  <=  
  37:../src/JoystickButton.c **** 	{
  38:../src/JoystickButton.c **** 		if (jjoy < 7)
  39:../src/JoystickButton.c **** 		{
  40:../src/JoystickButton.c **** 			jjoy++; //se mueve 1 hacia arriba
  41:../src/JoystickButton.c **** 		}
  42:../src/JoystickButton.c **** 	}
  43:../src/JoystickButton.c **** 	else if ((read_VRX()  >=  0) && (read_VRX()  <=  1023) && (read_VRY()  >=  700)&& (read_VRY()  <= 
  44:../src/JoystickButton.c **** 	{
  45:../src/JoystickButton.c **** 		if (jjoy > 0)
  46:../src/JoystickButton.c **** 		{
  47:../src/JoystickButton.c **** 			jjoy--; //se mueve 1 hacia abajo
  48:../src/JoystickButton.c **** 		}
  49:../src/JoystickButton.c **** 	}
  50:../src/JoystickButton.c **** 	else
  51:../src/JoystickButton.c **** 	{
  52:../src/JoystickButton.c **** // 		UART_putstring("VECTOR X: ");
  53:../src/JoystickButton.c **** // 		send_num(read_VRX());
  54:../src/JoystickButton.c **** // 		UART_putstring("\n");
  55:../src/JoystickButton.c **** // 		UART_putstring("VECTOR Y: ");
  56:../src/JoystickButton.c **** // 		send_num(read_VRY());
  57:../src/JoystickButton.c **** // 		UART_putstring("\n");
  58:../src/JoystickButton.c **** 	}
  59:../src/JoystickButton.c **** 		
  60:../src/JoystickButton.c **** }
  61:../src/JoystickButton.c **** 
  62:../src/JoystickButton.c **** 
  63:../src/JoystickButton.c **** 
  64:../src/JoystickButton.c **** uint8_t button_check(void)
  65:../src/JoystickButton.c **** {
  16               		.loc 1 65 0
  17               		.cfi_startproc
  18               	/* prologue: function */
  19               	/* frame size = 0 */
  20               	/* stack size = 0 */
  21               	.L__stack_usage = 0
  66:../src/JoystickButton.c **** 	ispressed = (PIND & (1<<6));
  22               		.loc 1 66 0
  23 0000 89B1      		in r24,0x9
  24               		.loc 1 66 0
  25 0002 8074      		andi r24,lo8(64)
  26 0004 90E0      		ldi r25,0
  27               		.loc 1 66 0
  28 0006 9093 0000 		sts ispressed+1,r25
  29 000a 8093 0000 		sts ispressed,r24
  67:../src/JoystickButton.c **** 	return (ispressed);
  30               		.loc 1 67 0
  31 000e 8091 0000 		lds r24,ispressed
  32 0012 9091 0000 		lds r25,ispressed+1
  68:../src/JoystickButton.c **** }
  33               		.loc 1 68 0
  34 0016 0895      		ret
  35               		.cfi_endproc
  36               	.LFE66:
  38               		.section	.text.Joystick,"ax",@progbits
  39               	.global	Joystick
  41               	Joystick:
  42               	.LFB65:
  16:../src/JoystickButton.c **** 	if (button_check() == pressed)
  43               		.loc 1 16 0
  44               		.cfi_startproc
  45               	/* prologue: function */
  46               	/* frame size = 0 */
  47               	/* stack size = 0 */
  48               	.L__stack_usage = 0
  17:../src/JoystickButton.c **** 	{
  49               		.loc 1 17 0
  50 0000 0E94 0000 		call button_check
  51               	.LVL0:
  52 0004 8823      		tst r24
  53 0006 01F4      		brne .+2
  54 0008 00C0      		rjmp .L2
  21:../src/JoystickButton.c **** 	{
  55               		.loc 1 21 0
  56 000a 0E94 0000 		call read_VRX
  57               	.LVL1:
  58 000e 8C3B      		cpi r24,-68
  59 0010 9240      		sbci r25,2
  60 0012 00F0      		brlo .L4
  23:../src/JoystickButton.c **** 		{
  61               		.loc 1 23 0
  62 0014 8091 0000 		lds r24,ijoy
  63 0018 9091 0000 		lds r25,ijoy+1
  64 001c 0797      		sbiw r24,7
  65 001e 04F0      		brlt .+2
  66 0020 00C0      		rjmp .L2
  25:../src/JoystickButton.c **** 		}
  67               		.loc 1 25 0
  68 0022 8091 0000 		lds r24,ijoy
  69 0026 9091 0000 		lds r25,ijoy+1
  70 002a 0196      		adiw r24,1
  71 002c 9093 0000 		sts ijoy+1,r25
  72 0030 8093 0000 		sts ijoy,r24
  73 0034 0895      		ret
  74               	.L4:
  28:../src/JoystickButton.c **** 	{
  75               		.loc 1 28 0
  76 0036 0E94 0000 		call read_VRX
  77               	.LVL2:
  78 003a 892B      		or r24,r25
  79 003c 01F4      		brne .L5
  28:../src/JoystickButton.c **** 	{
  80               		.loc 1 28 0 is_stmt 0 discriminator 1
  81 003e 0E94 0000 		call read_VRY
  82               	.LVL3:
  83 0042 0E94 0000 		call read_VRY
  84               	.LVL4:
  85 0046 8115      		cp r24,__zero_reg__
  86 0048 9440      		sbci r25,4
  87 004a 00F4      		brsh .L5
  30:../src/JoystickButton.c **** 		{
  88               		.loc 1 30 0 is_stmt 1
  89 004c 8091 0000 		lds r24,ijoy
  90 0050 9091 0000 		lds r25,ijoy+1
  91 0054 1816      		cp __zero_reg__,r24
  92 0056 1906      		cpc __zero_reg__,r25
  93 0058 04F0      		brlt .+2
  94 005a 00C0      		rjmp .L2
  32:../src/JoystickButton.c **** 		}
  95               		.loc 1 32 0
  96 005c 8091 0000 		lds r24,ijoy
  97 0060 9091 0000 		lds r25,ijoy+1
  98 0064 0197      		sbiw r24,1
  99 0066 9093 0000 		sts ijoy+1,r25
 100 006a 8093 0000 		sts ijoy,r24
 101 006e 0895      		ret
 102               	.L5:
  36:../src/JoystickButton.c **** 	{
 103               		.loc 1 36 0
 104 0070 0E94 0000 		call read_VRX
 105               	.LVL5:
 106 0074 0E94 0000 		call read_VRX
 107               	.LVL6:
 108 0078 8115      		cp r24,__zero_reg__
 109 007a 9440      		sbci r25,4
 110 007c 00F4      		brsh .L6
  36:../src/JoystickButton.c **** 	{
 111               		.loc 1 36 0 is_stmt 0 discriminator 2
 112 007e 0E94 0000 		call read_VRY
 113               	.LVL7:
 114 0082 0E94 0000 		call read_VRY
 115               	.LVL8:
 116 0086 893C      		cpi r24,-55
 117 0088 9105      		cpc r25,__zero_reg__
 118 008a 00F4      		brsh .L6
  38:../src/JoystickButton.c **** 		{
 119               		.loc 1 38 0 is_stmt 1
 120 008c 8091 0000 		lds r24,jjoy
 121 0090 9091 0000 		lds r25,jjoy+1
 122 0094 0797      		sbiw r24,7
 123 0096 04F4      		brge .L2
  40:../src/JoystickButton.c **** 		}
 124               		.loc 1 40 0
 125 0098 8091 0000 		lds r24,jjoy
 126 009c 9091 0000 		lds r25,jjoy+1
 127 00a0 0196      		adiw r24,1
 128 00a2 9093 0000 		sts jjoy+1,r25
 129 00a6 8093 0000 		sts jjoy,r24
 130 00aa 0895      		ret
 131               	.L6:
  43:../src/JoystickButton.c **** 	{
 132               		.loc 1 43 0
 133 00ac 0E94 0000 		call read_VRX
 134               	.LVL9:
 135 00b0 0E94 0000 		call read_VRX
 136               	.LVL10:
 137 00b4 8115      		cp r24,__zero_reg__
 138 00b6 9440      		sbci r25,4
 139 00b8 00F4      		brsh .L2
  43:../src/JoystickButton.c **** 	{
 140               		.loc 1 43 0 is_stmt 0 discriminator 2
 141 00ba 0E94 0000 		call read_VRY
 142               	.LVL11:
 143 00be 8C3B      		cpi r24,-68
 144 00c0 9240      		sbci r25,2
 145 00c2 00F0      		brlo .L2
  43:../src/JoystickButton.c **** 	{
 146               		.loc 1 43 0 discriminator 3
 147 00c4 0E94 0000 		call read_VRY
 148               	.LVL12:
 149 00c8 8115      		cp r24,__zero_reg__
 150 00ca 9440      		sbci r25,4
 151 00cc 00F4      		brsh .L2
  45:../src/JoystickButton.c **** 		{
 152               		.loc 1 45 0 is_stmt 1
 153 00ce 8091 0000 		lds r24,jjoy
 154 00d2 9091 0000 		lds r25,jjoy+1
 155 00d6 1816      		cp __zero_reg__,r24
 156 00d8 1906      		cpc __zero_reg__,r25
 157 00da 04F4      		brge .L2
  47:../src/JoystickButton.c **** 		}
 158               		.loc 1 47 0
 159 00dc 8091 0000 		lds r24,jjoy
 160 00e0 9091 0000 		lds r25,jjoy+1
 161 00e4 0197      		sbiw r24,1
 162 00e6 9093 0000 		sts jjoy+1,r25
 163 00ea 8093 0000 		sts jjoy,r24
 164               	.L2:
 165 00ee 0895      		ret
 166               		.cfi_endproc
 167               	.LFE65:
 169               		.comm	ispressed,2,1
 170               		.comm	jjoy,2,1
 171               		.comm	ijoy,2,1
 172               		.text
 173               	.Letext0:
 174               		.file 2 "../src/ADC.h"
 175               		.file 3 "c:\\program files (x86)\\atmel\\studio\\7.0\\toolchain\\avr8\\avr8-gnu-toolchain\\avr\\in
DEFINED SYMBOLS
                            *ABS*:00000000 JoystickButton.c
    JoystickButton.s:2      *ABS*:0000003e __SP_H__
    JoystickButton.s:3      *ABS*:0000003d __SP_L__
    JoystickButton.s:4      *ABS*:0000003f __SREG__
    JoystickButton.s:5      *ABS*:00000000 __tmp_reg__
    JoystickButton.s:6      *ABS*:00000001 __zero_reg__
    JoystickButton.s:13     .text.button_check:00000000 button_check
                            *COM*:00000002 ispressed
    JoystickButton.s:41     .text.Joystick:00000000 Joystick
                            *COM*:00000002 ijoy
                            *COM*:00000002 jjoy
                           .group:00000000 wm4.parts.h.38.424177e1c4c7502bdf2cd6eac0e66f1e
                           .group:00000000 wm4.sfr_defs.h.36.473802ecbcb5d4d38de6c7efbfcd3c60
                           .group:00000000 wm4.stdint.h.41.052d062c327f27e210bb72c3d087afe5
                           .group:00000000 wm4.inttypes.h.96.afb9c4be73a069861f8689c997efc518
                           .group:00000000 wm4.sfr_defs.h.128.38ceebe2fb099c106e85a566519e0f1a
                           .group:00000000 wm4.iom328p.h.44.29c929f46483155923fc58520c74ebf7
                           .group:00000000 wm4.portpins.h.34.21289185946cbf62723ecc8db6cdc3ff
                           .group:00000000 wm4.common.h.35.c7e66042b2128622b9d3bddccc9a39f4
                           .group:00000000 wm4.version.h.54.85699b1a50c61c991a37d67b69e79e95
                           .group:00000000 wm4.fuse.h.36.5c373c650020c0efef2cbaa98ea802c3
                           .group:00000000 wm4.lock.h.36.51f311078904691e8f8c3d70111251d8
                           .group:00000000 wm4.stdbool.h.29.07dce69c3b78884144b7f7bd19483461
                           .group:00000000 wm4.stddef.h.39.99b5021e28f91cdb161c889e07266673
                           .group:00000000 wm4.stdlib.h.40.248a6087ef49adb4f4328833c0282d4b
                           .group:00000000 wm4.stddef.h.161.19e15733342b50ead2919490b095303e
                           .group:00000000 wm4.stdlib.h.51.3a36e1d757b19eb9d8852fbf8bb7cd30
                           .group:00000000 wm4.compiler.h.71.f9633126e8a32454fdb20497dc57808e
                           .group:00000000 wm4.interrupt.h.36.b2193b640edda749ea0a45a8be5976c8
                           .group:00000000 wm4.interrupt_avr8.h.89.988a0fb0a0728821bb2ce6a5fad9a217
                           .group:00000000 wm4.pgmspace.h.83.7bf4a326041279617a872e0717310315
                           .group:00000000 wm4.pgmspace.h.98.de80e653d80602932888d287eea24d43
                           .group:00000000 wm4.progmem.h.56.1d8b28eb4bdbace2fba3d4aa9d1800d3
                           .group:00000000 wm4.compiler.h.162.3bca7208a79b237ff211f6b945969fd5
                           .group:00000000 wm4.ioport.h.38.48f501ae460febc49dd950c4a2361938
                           .group:00000000 wm4.mega_gpio.h.43.3e8869bf7dde66f4dae42caccabdc28f
                           .group:00000000 wm4.board.h.41.2d9694df0f6b670341666b9015632b94
                           .group:00000000 wm4.led.h.38.8c4408d5cc264ea8e7bbcc0ac6971d10
                           .group:00000000 wm4.atmega328p_xplained_mini.h.47.411278661c63ad4794d5f415bca0f65b
                           .group:00000000 wm4.ADC.h.10.4375d630963ad1b8b9d883a341299c49

UNDEFINED SYMBOLS
read_VRX
read_VRY
__do_clear_bss
